<?xml version="1.0" encoding="UTF-8"?>
<testsuite xmlns:xsi="http://www.w3.org/2001/XMLSchema-instance" xsi:noNamespaceSchemaLocation="https://maven.apache.org/surefire/maven-surefire-plugin/xsd/surefire-test-report-3.0.xsd" version="3.0" name="com.qognition.UserControllerTest" time="2.544" tests="6" errors="0" skipped="0" failures="0">
  <properties>
[...]
</properties>
  <testcase name="getUserById_WhenUserExists_ReturnsUserObject" classname="com.qognition.UserControllerTest" time="1.69"/>
  <testcase name="getAllUsers_ReturnsListWithInitialData" classname="com.qognition.UserControllerTest" time="0.068"/>
  <testcase name="getUsersByRole_WhenRoleExists_ReturnsFilteredList" classname="com.qognition.UserControllerTest" time="0.079"/>
  <testcase name="getUserById_WhenUserDoesNotExist_Returns404NotFound" classname="com.qognition.UserControllerTest" time="0.021"/>
  <testcase name="getUsersByRole_ShouldBeCaseInsensitive" classname="com.qognition.UserControllerTest" time="0.034"/>
  <testcase name="getUsersByRole_WhenNoMatches_ReturnsEmptyList" classname="com.qognition.UserControllerTest" time="0.016"/>
</testsuite>