<?xml version="1.0" encoding="UTF-8"?>
<testsuite xmlns:xsi="http://www.w3.org/2001/XMLSchema-instance" xsi:noNamespaceSchemaLocation="https://maven.apache.org/surefire/maven-surefire-plugin/xsd/surefire-test-report-3.0.xsd" version="3.0" name="com.qognition.QognitionApiPropertiesTest" time="1.603" tests="4" errors="0" skipped="0" failures="0">
  <properties>
[...]
</properties>
  <testcase name="testDashboardSummary" classname="com.qognition.QognitionApiPropertiesTest" time="1.242"/>
  <testcase name="testActuatorHealth" classname="com.qognition.QognitionApiPropertiesTest" time="0.038"/>
  <testcase name="testPagination" classname="com.qognition.QognitionApiPropertiesTest" time="0.05"/>
  <testcase name="testUnknownEndpoint" classname="com.qognition.QognitionApiPropertiesTest" time="0.016"/>
</testsuite>